Using pre-set license
Built from '2020.3/staging' branch; Version is '2020.3.11f1 (99c7afb366b3) revision 10078127'; Using compiler version '192528614'; Build Type 'Release'
OS: 'Windows 10 Education; OS build 19043.1237; Version 2009; 64bit' Language: 'en' Physical Memory: 16231 MB
BatchMode: 1, IsHumanControllingUs: 0, StartBugReporterOnCrash: 0, Is64bit: 1, IsPro: 0

 COMMAND LINE ARGUMENTS:
C:\Program Files\Unity\Hub\Editor\2020.3.11f1\Editor\Unity.exe
-adb2
-batchMode
-noUpm
-name
AssetImportWorker0
-projectPath
D:/Code/GitAndGithub/Reinforcement-learning-interactive-explanation/Snake4.0
-logFile
Logs/AssetImportWorker0.log
-srvPort
60006
Successfully changed project path to: D:/Code/GitAndGithub/Reinforcement-learning-interactive-explanation/Snake4.0
D:/Code/GitAndGithub/Reinforcement-learning-interactive-explanation/Snake4.0
Using Asset Import Pipeline V2.
Refreshing native plugins compatible for Editor in 39.15 ms, found 4 plugins.
Preloading 0 native plugins for Editor in 0.00 ms.
Initialize engine version: 2020.3.11f1 (99c7afb366b3)
[Subsystems] Discovering subsystems at path C:/Program Files/Unity/Hub/Editor/2020.3.11f1/Editor/Data/Resources/UnitySubsystems
[Subsystems] Discovering subsystems at path D:/Code/GitAndGithub/Reinforcement-learning-interactive-explanation/Snake4.0/Assets
GfxDevice: creating device client; threaded=0
Direct3D:
    Version:  Direct3D 11.0 [level 11.1]
    Renderer: Intel(R) UHD Graphics 630 (ID=0x9bc5)
    Vendor:   
    VRAM:     8115 MB
    Driver:   27.20.100.8681
Initialize mono
Mono path[0] = 'C:/Program Files/Unity/Hub/Editor/2020.3.11f1/Editor/Data/Managed'
Mono path[1] = 'C:/Program Files/Unity/Hub/Editor/2020.3.11f1/Editor/Data/MonoBleedingEdge/lib/mono/unityjit'
Mono config path = 'C:/Program Files/Unity/Hub/Editor/2020.3.11f1/Editor/Data/MonoBleedingEdge/etc'
Using monoOptions --debugger-agent=transport=dt_socket,embedding=1,server=y,suspend=n,address=127.0.0.1:56472
Begin MonoManager ReloadAssembly
Registering precompiled unity dll's ...
Register platform support module: C:/Program Files/Unity/Hub/Editor/2020.3.11f1/Editor/Data/PlaybackEngines/WebGLSupport/UnityEditor.WebGL.Extensions.dll
Register platform support module: C:/Program Files/Unity/Hub/Editor/2020.3.11f1/Editor/Data/PlaybackEngines/WindowsStandaloneSupport/UnityEditor.WindowsStandalone.Extensions.dll
Registered in 0.002036 seconds.
Native extension for WindowsStandalone target not found
Native extension for WebGL target not found
Refreshing native plugins compatible for Editor in 37.00 ms, found 4 plugins.
Preloading 0 native plugins for Editor in 0.00 ms.
Mono: successfully reloaded assembly
- Completed reload, in  0.948 seconds
Platform modules already initialized, skipping
Registering precompiled user dll's ...
Registered in 0.005156 seconds.
Begin MonoManager ReloadAssembly
Native extension for WindowsStandalone target not found
Native extension for WebGL target not found
Refreshing native plugins compatible for Editor in 36.48 ms, found 4 plugins.
Preloading 0 native plugins for Editor in 0.00 ms.
Mono: successfully reloaded assembly
- Completed reload, in  1.531 seconds
Platform modules already initialized, skipping
========================================================================
Worker process is ready to serve import requests
Launched and connected shader compiler UnityShaderCompiler.exe after 0.04 seconds
Refreshing native plugins compatible for Editor in 0.43 ms, found 4 plugins.
Preloading 0 native plugins for Editor in 0.00 ms.
Unloading 2517 Unused Serialized files (Serialized files now loaded: 0)
System memory in use before: 111.2 MB.
System memory in use after: 111.4 MB.

Unloading 42 unused Assets to reduce memory usage. Loaded Objects now: 2943.
Total: 2.926500 ms (FindLiveObjects: 0.216800 ms CreateObjectMapping: 0.120400 ms MarkObjects: 2.524200 ms  DeleteObjects: 0.064100 ms)

========================================================================
Received Import Request.
  path: Assets/Test.html
  artifactKey: Guid(140d62b8b3f6b8b41b609e48fea1f86d) Importer(815301076,1909f56bfc062723c751e8b465ee728b)
Start importing Assets/Test.html using Guid(140d62b8b3f6b8b41b609e48fea1f86d) Importer(815301076,1909f56bfc062723c751e8b465ee728b)  -> (artifact id: 'bd0da25a943ab29d30d82e20920b9c50') in 0.081496 seconds
  Import took 0.084404 seconds .

========================================================================
Received Import Request.
  Time since last request: 7.803468 seconds.
  path: Assets/Scenes
  artifactKey: Guid(951beba9c1b14fc4c8ecb36b34d11074) Importer(815301076,1909f56bfc062723c751e8b465ee728b)
Start importing Assets/Scenes using Guid(951beba9c1b14fc4c8ecb36b34d11074) Importer(815301076,1909f56bfc062723c751e8b465ee728b)  -> (artifact id: '92d0e94289601030bffa75bea036cd76') in 0.008202 seconds
  Import took 0.011779 seconds .

========================================================================
Received Import Request.
  Time since last request: 0.000843 seconds.
  path: Assets/Scenes
  artifactKey: Guid(951beba9c1b14fc4c8ecb36b34d11074) Importer(815301076,1909f56bfc062723c751e8b465ee728b)
Start importing Assets/Scenes using Guid(951beba9c1b14fc4c8ecb36b34d11074) Importer(815301076,1909f56bfc062723c751e8b465ee728b)  -> (artifact id: '92d0e94289601030bffa75bea036cd76') in 0.002906 seconds
  Import took 0.007410 seconds .

========================================================================
Received Import Request.
  Time since last request: 1.019389 seconds.
  path: Assets/Scenes/Snake.unity
  artifactKey: Guid(a1c7356d036a2ce49afd14bf90b2cd8a) Importer(815301076,1909f56bfc062723c751e8b465ee728b)
Start importing Assets/Scenes/Snake.unity using Guid(a1c7356d036a2ce49afd14bf90b2cd8a) Importer(815301076,1909f56bfc062723c751e8b465ee728b)  -> (artifact id: 'c77a1b54588d3f498947032e4a501f3e') in 0.007157 seconds
  Import took 0.010599 seconds .

========================================================================
Received Import Request.
  Time since last request: 22.172823 seconds.
  path: Assets/Sprites
  artifactKey: Guid(95ee16dabbfca63429a8e5cd8fae3493) Importer(815301076,1909f56bfc062723c751e8b465ee728b)
Start importing Assets/Sprites using Guid(95ee16dabbfca63429a8e5cd8fae3493) Importer(815301076,1909f56bfc062723c751e8b465ee728b)  -> (artifact id: 'c91ef8a9631fc957c8633a4684921901') in 0.005785 seconds
  Import took 0.009046 seconds .

========================================================================
Received Import Request.
  Time since last request: 0.070635 seconds.
  path: Assets/Sprites/Square.png
  artifactKey: Guid(b032c5177ca43c04dafb570388ade875) Importer(815301076,1909f56bfc062723c751e8b465ee728b)
Start importing Assets/Sprites/Square.png using Guid(b032c5177ca43c04dafb570388ade875) Importer(815301076,1909f56bfc062723c751e8b465ee728b)  -> (artifact id: 'f37d2ed3d9c41652383390ccd580d6df') in 0.130498 seconds
  Import took 0.135909 seconds .

========================================================================
Received Import Request.
  Time since last request: 3.472520 seconds.
  path: Assets/Scripts
  artifactKey: Guid(9e9d8d346e72c1241a2f596e91018a3e) Importer(815301076,1909f56bfc062723c751e8b465ee728b)
Start importing Assets/Scripts using Guid(9e9d8d346e72c1241a2f596e91018a3e) Importer(815301076,1909f56bfc062723c751e8b465ee728b)  -> (artifact id: '97974e057290b39fd2a890b4938a44b0') in 0.005809 seconds
  Import took 0.010322 seconds .

========================================================================
Received Import Request.
  Time since last request: 2.232251 seconds.
  path: Assets/Scripts/Snake
  artifactKey: Guid(16e20bfdbff2c3543ab1a68e27ed4709) Importer(815301076,1909f56bfc062723c751e8b465ee728b)
Start importing Assets/Scripts/Snake using Guid(16e20bfdbff2c3543ab1a68e27ed4709) Importer(815301076,1909f56bfc062723c751e8b465ee728b)  -> (artifact id: '5f54db14a784e963f0694bfcaddff694') in 0.007579 seconds
  Import took 0.012088 seconds .

========================================================================
Received Import Request.
  Time since last request: 0.002815 seconds.
  path: Assets/Scripts/Snake
  artifactKey: Guid(16e20bfdbff2c3543ab1a68e27ed4709) Importer(815301076,1909f56bfc062723c751e8b465ee728b)
Start importing Assets/Scripts/Snake using Guid(16e20bfdbff2c3543ab1a68e27ed4709) Importer(815301076,1909f56bfc062723c751e8b465ee728b)  -> (artifact id: '5f54db14a784e963f0694bfcaddff694') in 0.002438 seconds
  Import took 0.009779 seconds .

========================================================================
Received Import Request.
  Time since last request: 4.902806 seconds.
  path: Assets/Scripts/Snake/SnakeSegment.cs
  artifactKey: Guid(a04b94778d1ddc24987f51c8082a2a96) Importer(815301076,1909f56bfc062723c751e8b465ee728b)
Start importing Assets/Scripts/Snake/SnakeSegment.cs using Guid(a04b94778d1ddc24987f51c8082a2a96) Importer(815301076,1909f56bfc062723c751e8b465ee728b)  -> (artifact id: '09562c41740e27d605a214e5519fd802') in 0.028656 seconds
  Import took 0.032468 seconds .

========================================================================
Received Import Request.
  Time since last request: 0.467507 seconds.
  path: Assets/Scripts/Snake/Snake.cs
  artifactKey: Guid(b875c4e64261bcb479b7e67869e417e8) Importer(815301076,1909f56bfc062723c751e8b465ee728b)
Start importing Assets/Scripts/Snake/Snake.cs using Guid(b875c4e64261bcb479b7e67869e417e8) Importer(815301076,1909f56bfc062723c751e8b465ee728b)  -> (artifact id: 'ba5551a10f648b32822b4a8ebb73853b') in 0.001485 seconds
  Import took 0.005159 seconds .

========================================================================
Received Import Request.
  Time since last request: 0.039386 seconds.
  path: Assets/Scripts/Snake/Snake.cs
  artifactKey: Guid(b875c4e64261bcb479b7e67869e417e8) Importer(815301076,1909f56bfc062723c751e8b465ee728b)
Start importing Assets/Scripts/Snake/Snake.cs using Guid(b875c4e64261bcb479b7e67869e417e8) Importer(815301076,1909f56bfc062723c751e8b465ee728b)  -> (artifact id: 'ba5551a10f648b32822b4a8ebb73853b') in 0.001259 seconds
  Import took 0.004869 seconds .

========================================================================
Received Prepare
Registering precompiled user dll's ...
Registered in 0.005192 seconds.
Begin MonoManager ReloadAssembly
Native extension for WindowsStandalone target not found
Native extension for WebGL target not found
Refreshing native plugins compatible for Editor in 1.11 ms, found 4 plugins.
Preloading 0 native plugins for Editor in 0.00 ms.
Mono: successfully reloaded assembly
- Completed reload, in  1.151 seconds
Platform modules already initialized, skipping
Refreshing native plugins compatible for Editor in 0.49 ms, found 4 plugins.
Preloading 0 native plugins for Editor in 0.00 ms.
Unloading 2494 Unused Serialized files (Serialized files now loaded: 0)
System memory in use before: 112.5 MB.
System memory in use after: 112.7 MB.

Unloading 29 unused Assets to reduce memory usage. Loaded Objects now: 2953.
Total: 2.306300 ms (FindLiveObjects: 0.194000 ms CreateObjectMapping: 0.130600 ms MarkObjects: 1.952700 ms  DeleteObjects: 0.021800 ms)

========================================================================
Received Import Request.
  Time since last request: 16.091213 seconds.
  path: Assets
  artifactKey: Guid(00000000000000001000000000000000) Importer(815301076,1909f56bfc062723c751e8b465ee728b)
Start importing Assets using Guid(00000000000000001000000000000000) Importer(815301076,1909f56bfc062723c751e8b465ee728b)  -> (artifact id: '42d402b061de3733987d63b9cc3b64de') in 0.006347 seconds
  Import took 0.009357 seconds .

AssetImportWorkerClient::OnTransportError - code=2 error=End of file
